<?xml version="1.0" encoding="UTF-8"?>
<!-- Generated by org.testng.reporters.JUnitReportReporter -->
<testsuite hostname="LAPTOP-S6NJ775N" failures="0" tests="21" name="tests.VerifyTheFooterElement" time="22.087" errors="1" timestamp="2022-03-23T15:29:19 IST" skipped="20">
  <testcase classname="tests.VerifyTheFooterElement" name="launchBrowser" time="22.087">
    <error message="no such window: window was already closed
  (Session info: chrome=99.0.4844.82)
Build info: version: &#039;3.141.59&#039;, revision: &#039;e82be7d358&#039;, time: &#039;2018-11-14T08:17:03&#039;
System info: host: &#039;LAPTOP-S6NJ775N&#039;, ip: &#039;172.20.10.13&#039;, os.name: &#039;Windows 10&#039;, os.arch: &#039;amd64&#039;, os.version: &#039;10.0&#039;, java.version: &#039;15.0.1&#039;
Driver info: org.openqa.selenium.chrome.ChromeDriver
Capabilities {acceptInsecureCerts: false, browserName: chrome, browserVersion: 99.0.4844.82, chrome: {chromedriverVersion: 98.0.4758.102 (273bf7ac8c90..., userDataDir: C:\Users\ankuk\AppData\Loca...}, goog:chromeOptions: {debuggerAddress: localhost:49903}, javascriptEnabled: true, networkConnectionEnabled: false, pageLoadStrategy: normal, platform: WINDOWS, platformName: WINDOWS, proxy: Proxy(), setWindowRect: true, strictFileInteractability: false, timeouts: {implicit: 0, pageLoad: 300000, script: 30000}, unhandledPromptBehavior: dismiss and notify, webauthn:extension:credBlob: true, webauthn:extension:largeBlob: true, webauthn:virtualAuthenticators: true}
Session ID: 2a4237352898d5a5ba73a468cb9b39bb
*** Element info: {Using=xpath, value=(//div[@role=&#039;dialog&#039;]//button)[1]}" type="org.openqa.selenium.NoSuchWindowException">
      <![CDATA[org.openqa.selenium.NoSuchWindowException: no such window: window was already closed
  (Session info: chrome=99.0.4844.82)
Build info: version: '3.141.59', revision: 'e82be7d358', time: '2018-11-14T08:17:03'
System info: host: 'LAPTOP-S6NJ775N', ip: '172.20.10.13', os.name: 'Windows 10', os.arch: 'amd64', os.version: '10.0', java.version: '15.0.1'
Driver info: org.openqa.selenium.chrome.ChromeDriver
Capabilities {acceptInsecureCerts: false, browserName: chrome, browserVersion: 99.0.4844.82, chrome: {chromedriverVersion: 98.0.4758.102 (273bf7ac8c90..., userDataDir: C:\Users\ankuk\AppData\Loca...}, goog:chromeOptions: {debuggerAddress: localhost:49903}, javascriptEnabled: true, networkConnectionEnabled: false, pageLoadStrategy: normal, platform: WINDOWS, platformName: WINDOWS, proxy: Proxy(), setWindowRect: true, strictFileInteractability: false, timeouts: {implicit: 0, pageLoad: 300000, script: 30000}, unhandledPromptBehavior: dismiss and notify, webauthn:extension:credBlob: true, webauthn:extension:largeBlob: true, webauthn:virtualAuthenticators: true}
Session ID: 2a4237352898d5a5ba73a468cb9b39bb
*** Element info: {Using=xpath, value=(//div[@role='dialog']//button)[1]}
at java.base/jdk.internal.reflect.NativeConstructorAccessorImpl.newInstance0(Native Method)
at java.base/jdk.internal.reflect.NativeConstructorAccessorImpl.newInstance(NativeConstructorAccessorImpl.java:64)
at java.base/jdk.internal.reflect.DelegatingConstructorAccessorImpl.newInstance(DelegatingConstructorAccessorImpl.java:45)
at java.base/java.lang.reflect.Constructor.newInstanceWithCaller(Constructor.java:500)
at java.base/java.lang.reflect.Constructor.newInstance(Constructor.java:481)
at org.openqa.selenium.remote.http.W3CHttpResponseCodec.createException(W3CHttpResponseCodec.java:187)
at org.openqa.selenium.remote.http.W3CHttpResponseCodec.decode(W3CHttpResponseCodec.java:122)
at org.openqa.selenium.remote.http.W3CHttpResponseCodec.decode(W3CHttpResponseCodec.java:49)
at org.openqa.selenium.remote.HttpCommandExecutor.execute(HttpCommandExecutor.java:158)
at org.openqa.selenium.remote.service.DriverCommandExecutor.execute(DriverCommandExecutor.java:83)
at org.openqa.selenium.remote.RemoteWebDriver.execute(RemoteWebDriver.java:552)
at org.openqa.selenium.remote.RemoteWebDriver.findElement(RemoteWebDriver.java:323)
at org.openqa.selenium.remote.RemoteWebDriver.findElementByXPath(RemoteWebDriver.java:428)
at org.openqa.selenium.By$ByXPath.findElement(By.java:353)
at org.openqa.selenium.remote.RemoteWebDriver.findElement(RemoteWebDriver.java:315)
at tests.VerifyTheFooterElement.launchBrowser(VerifyTheFooterElement.java:52)
at java.base/jdk.internal.reflect.NativeMethodAccessorImpl.invoke0(Native Method)
at java.base/jdk.internal.reflect.NativeMethodAccessorImpl.invoke(NativeMethodAccessorImpl.java:64)
at java.base/jdk.internal.reflect.DelegatingMethodAccessorImpl.invoke(DelegatingMethodAccessorImpl.java:43)
at java.base/java.lang.reflect.Method.invoke(Method.java:564)
at org.testng.internal.MethodInvocationHelper.invokeMethod(MethodInvocationHelper.java:133)
at org.testng.internal.MethodInvocationHelper.invokeMethodConsideringTimeout(MethodInvocationHelper.java:62)
at org.testng.internal.ConfigInvoker.invokeConfigurationMethod(ConfigInvoker.java:385)
at org.testng.internal.ConfigInvoker.invokeConfigurations(ConfigInvoker.java:321)
at org.testng.TestRunner.invokeTestConfigurations(TestRunner.java:637)
at org.testng.TestRunner.beforeRun(TestRunner.java:627)
at org.testng.TestRunner.run(TestRunner.java:589)
at org.testng.SuiteRunner.runTest(SuiteRunner.java:377)
at org.testng.SuiteRunner.runSequentially(SuiteRunner.java:371)
at org.testng.SuiteRunner.privateRun(SuiteRunner.java:332)
at org.testng.SuiteRunner.run(SuiteRunner.java:276)
at org.testng.SuiteRunnerWorker.runSuite(SuiteRunnerWorker.java:53)
at org.testng.SuiteRunnerWorker.run(SuiteRunnerWorker.java:96)
at org.testng.TestNG.runSuitesSequentially(TestNG.java:1212)
at org.testng.TestNG.runSuitesLocally(TestNG.java:1134)
at org.testng.TestNG.runSuites(TestNG.java:1063)
at org.testng.TestNG.run(TestNG.java:1031)
at org.testng.remote.AbstractRemoteTestNG.run(AbstractRemoteTestNG.java:115)
at org.testng.remote.RemoteTestNG.initAndRun(RemoteTestNG.java:251)
at org.testng.remote.RemoteTestNG.main(RemoteTestNG.java:77)
]]>
    </error>
  </testcase> <!-- launchBrowser -->
  <system-out/>
  <testcase classname="tests.VerifyTheFooterElement" name="verifyChocolateBoxesLink" time="0.000">
    <skipped/>
  </testcase> <!-- verifyChocolateBoxesLink -->
  <system-out/>
  <testcase classname="tests.VerifyTheFooterElement" name="verifyGiftCollectionsLink" time="0.000">
    <skipped/>
  </testcase> <!-- verifyGiftCollectionsLink -->
  <system-out/>
  <testcase classname="tests.VerifyTheFooterElement" name="verifyPartyFavourLink" time="0.000">
    <skipped/>
  </testcase> <!-- verifyPartyFavourLink -->
  <system-out/>
  <testcase classname="tests.VerifyTheFooterElement" name="verifyCorportePageLink" time="0.000">
    <skipped/>
  </testcase> <!-- verifyCorportePageLink -->
  <system-out/>
  <testcase classname="tests.VerifyTheFooterElement" name="verifyAboutPageLink" time="0.000">
    <skipped/>
  </testcase> <!-- verifyAboutPageLink -->
  <system-out/>
  <testcase classname="tests.VerifyTheFooterElement" name="verifyVisitUsPageLink" time="0.000">
    <skipped/>
  </testcase> <!-- verifyVisitUsPageLink -->
  <system-out/>
  <testcase classname="tests.VerifyTheFooterElement" name="verifyOurChocolatePageLink" time="0.000">
    <skipped/>
  </testcase> <!-- verifyOurChocolatePageLink -->
  <system-out/>
  <testcase classname="tests.VerifyTheFooterElement" name="verifyBlogPageLink" time="0.000">
    <skipped/>
  </testcase> <!-- verifyBlogPageLink -->
  <system-out/>
  <testcase classname="tests.VerifyTheFooterElement" name="verifySignInPageLink" time="0.000">
    <skipped/>
  </testcase> <!-- verifySignInPageLink -->
  <system-out/>
  <testcase classname="tests.VerifyTheFooterElement" name="verifyContactUsPageLink" time="0.000">
    <skipped/>
  </testcase> <!-- verifyContactUsPageLink -->
  <system-out/>
  <testcase classname="tests.VerifyTheFooterElement" name="verifyJoinOurTeamPageLink" time="0.000">
    <skipped/>
  </testcase> <!-- verifyJoinOurTeamPageLink -->
  <system-out/>
  <testcase classname="tests.VerifyTheFooterElement" name="verifyFaqPageLink" time="0.000">
    <skipped/>
  </testcase> <!-- verifyFaqPageLink -->
  <system-out/>
  <testcase classname="tests.VerifyTheFooterElement" name="verifyMobileNumber" time="0.000">
    <skipped/>
  </testcase> <!-- verifyMobileNumber -->
  <system-out/>
  <testcase classname="tests.VerifyTheFooterElement" name="verifyemail" time="0.000">
    <skipped/>
  </testcase> <!-- verifyemail -->
  <system-out/>
  <testcase classname="tests.VerifyTheFooterElement" name="verifShippingAndReturnPageLink" time="0.000">
    <skipped/>
  </testcase> <!-- verifShippingAndReturnPageLink -->
  <system-out/>
  <testcase classname="tests.VerifyTheFooterElement" name="veriTermsAndCinditionsPageLink" time="0.000">
    <skipped/>
  </testcase> <!-- veriTermsAndCinditionsPageLink -->
  <system-out/>
  <testcase classname="tests.VerifyTheFooterElement" name="veriPrivacyPolicyPageLink" time="0.000">
    <skipped/>
  </testcase> <!-- veriPrivacyPolicyPageLink -->
  <system-out/>
  <testcase classname="tests.VerifyTheFooterElement" name="veriPaymentPolicyPageLink" time="0.000">
    <skipped/>
  </testcase> <!-- veriPaymentPolicyPageLink -->
  <system-out/>
  <testcase classname="tests.VerifyTheFooterElement" name="verifyInstagramPageLink">
    <skipped/>
  </testcase> <!-- verifyInstagramPageLink -->
  <system-out/>
  <testcase classname="tests.VerifyTheFooterElement" name="verifyyelpPageLink">
    <skipped/>
  </testcase> <!-- verifyyelpPageLink -->
  <system-out/>
</testsuite> <!-- tests.VerifyTheFooterElement -->
