<html>
<head>
<title>TestNG:  FireFoxTest</title>
<link href="../testng.css" rel="stylesheet" type="text/css" />
<link href="../my-testng.css" rel="stylesheet" type="text/css" />

<style type="text/css">
.log { display: none;} 
.stack-trace { display: none;} 
</style>
<script type="text/javascript">
<!--
function flip(e) {
  current = e.style.display;
  if (current == 'block') {
    e.style.display = 'none';
    return 0;
  }
  else {
    e.style.display = 'block';
    return 1;
  }
}

function toggleBox(szDivId, elem, msg1, msg2)
{
  var res = -1;  if (document.getElementById) {
    res = flip(document.getElementById(szDivId));
  }
  else if (document.all) {
    // this is the way old msie versions work
    res = flip(document.all[szDivId]);
  }
  if(elem) {
    if(res == 0) elem.innerHTML = msg1; else elem.innerHTML = msg2;
  }

}

function toggleAllBoxes() {
  if (document.getElementsByTagName) {
    d = document.getElementsByTagName('div');
    for (i = 0; i < d.length; i++) {
      if (d[i].className == 'log') {
        flip(d[i]);
      }
    }
  }
}

// -->
</script>

</head>
<body>
<h2 align='center'>FireFoxTest</h2><table border='1' align="center">
<tr>
<td>Tests passed/Failed/Skipped:</td><td>25/7/0</td>
</tr><tr>
<td>Started on:</td><td>Mon Mar 21 22:42:42 IST 2022</td>
</tr>
<tr><td>Total time:</td><td>112 seconds (112602 ms)</td>
</tr><tr>
<td>Included groups:</td><td></td>
</tr><tr>
<td>Excluded groups:</td><td></td>
</tr>
</table><p/>
<small><i>(Hover the method name to see the test class name)</i></small><p/>
<table width='100%' border='1' class='invocation-failed'>
<tr><td colspan='4' align='center'><b>FAILED TESTS</b></td></tr>
<tr><td><b>Test method</b></td>
<td width="30%"><b>Exception</b></td>
<td width="10%"><b>Time (seconds)</b></td>
<td><b>Instance</b></td>
</tr>
<tr>
<td title='tests.VerifyShopPageElements.verifyCorPorateTabLink()'><b>verifyCorPorateTabLink</b><br>Test class: tests.VerifyShopPageElements</td>
<td><div><pre>java.lang.NullPointerException: Cannot invoke &quot;pom.ShopPage.clickOncorporateGiftsLink()&quot; because &quot;this.shopPage&quot; is null
	at tests.VerifyShopPageElements.verifyCorPorateTabLink(VerifyShopPageElements.java:110)
	at java.base/java.util.ArrayList.forEach(ArrayList.java:1511)
... Removed 27 stack frames</pre></div><a href='#' onClick='toggleBox("stack-trace1700397528", this, "Click to show all stack frames", "Click to hide stack frames")'>Click to show all stack frames</a>
<div class='stack-trace' id='stack-trace1700397528'><pre>java.lang.NullPointerException: Cannot invoke &quot;pom.ShopPage.clickOncorporateGiftsLink()&quot; because &quot;this.shopPage&quot; is null
	at tests.VerifyShopPageElements.verifyCorPorateTabLink(VerifyShopPageElements.java:110)
	at java.base/jdk.internal.reflect.NativeMethodAccessorImpl.invoke0(Native Method)
	at java.base/jdk.internal.reflect.NativeMethodAccessorImpl.invoke(NativeMethodAccessorImpl.java:64)
	at java.base/jdk.internal.reflect.DelegatingMethodAccessorImpl.invoke(DelegatingMethodAccessorImpl.java:43)
	at java.base/java.lang.reflect.Method.invoke(Method.java:564)
	at org.testng.internal.MethodInvocationHelper.invokeMethod(MethodInvocationHelper.java:133)
	at org.testng.internal.TestInvoker.invokeMethod(TestInvoker.java:598)
	at org.testng.internal.TestInvoker.invokeTestMethod(TestInvoker.java:173)
	at org.testng.internal.MethodRunner.runInSequence(MethodRunner.java:46)
	at org.testng.internal.TestInvoker$MethodInvocationAgent.invoke(TestInvoker.java:824)
	at org.testng.internal.TestInvoker.invokeTestMethods(TestInvoker.java:146)
	at org.testng.internal.TestMethodWorker.invokeTestMethods(TestMethodWorker.java:146)
	at org.testng.internal.TestMethodWorker.run(TestMethodWorker.java:128)
	at java.base/java.util.ArrayList.forEach(ArrayList.java:1511)
	at org.testng.TestRunner.privateRun(TestRunner.java:794)
	at org.testng.TestRunner.run(TestRunner.java:596)
	at org.testng.SuiteRunner.runTest(SuiteRunner.java:377)
	at org.testng.SuiteRunner.runSequentially(SuiteRunner.java:371)
	at org.testng.SuiteRunner.privateRun(SuiteRunner.java:332)
	at org.testng.SuiteRunner.run(SuiteRunner.java:276)
	at org.testng.SuiteRunnerWorker.runSuite(SuiteRunnerWorker.java:53)
	at org.testng.SuiteRunnerWorker.run(SuiteRunnerWorker.java:96)
	at org.testng.TestNG.runSuitesSequentially(TestNG.java:1212)
	at org.testng.TestNG.runSuitesLocally(TestNG.java:1134)
	at org.testng.TestNG.runSuites(TestNG.java:1063)
	at org.testng.TestNG.run(TestNG.java:1031)
	at org.testng.remote.AbstractRemoteTestNG.run(AbstractRemoteTestNG.java:115)
	at org.testng.remote.RemoteTestNG.initAndRun(RemoteTestNG.java:251)
	at org.testng.remote.RemoteTestNG.main(RemoteTestNG.java:77)
</pre></div></td>
<td>0</td>
<td>tests.VerifyShopPageElements@4567f35d</td></tr>
<tr>
<td title='tests.VerifyShopPageElements.verifyConfectionsTabLink()'><b>verifyConfectionsTabLink</b><br>Test class: tests.VerifyShopPageElements</td>
<td><div><pre>java.lang.NullPointerException: Cannot invoke &quot;pom.ShopPage.clickOnconfectionsLink()&quot; because &quot;this.shopPage&quot; is null
	at tests.VerifyShopPageElements.verifyConfectionsTabLink(VerifyShopPageElements.java:84)
	at java.base/java.util.ArrayList.forEach(ArrayList.java:1511)
... Removed 27 stack frames</pre></div><a href='#' onClick='toggleBox("stack-trace2066213108", this, "Click to show all stack frames", "Click to hide stack frames")'>Click to show all stack frames</a>
<div class='stack-trace' id='stack-trace2066213108'><pre>java.lang.NullPointerException: Cannot invoke &quot;pom.ShopPage.clickOnconfectionsLink()&quot; because &quot;this.shopPage&quot; is null
	at tests.VerifyShopPageElements.verifyConfectionsTabLink(VerifyShopPageElements.java:84)
	at java.base/jdk.internal.reflect.NativeMethodAccessorImpl.invoke0(Native Method)
	at java.base/jdk.internal.reflect.NativeMethodAccessorImpl.invoke(NativeMethodAccessorImpl.java:64)
	at java.base/jdk.internal.reflect.DelegatingMethodAccessorImpl.invoke(DelegatingMethodAccessorImpl.java:43)
	at java.base/java.lang.reflect.Method.invoke(Method.java:564)
	at org.testng.internal.MethodInvocationHelper.invokeMethod(MethodInvocationHelper.java:133)
	at org.testng.internal.TestInvoker.invokeMethod(TestInvoker.java:598)
	at org.testng.internal.TestInvoker.invokeTestMethod(TestInvoker.java:173)
	at org.testng.internal.MethodRunner.runInSequence(MethodRunner.java:46)
	at org.testng.internal.TestInvoker$MethodInvocationAgent.invoke(TestInvoker.java:824)
	at org.testng.internal.TestInvoker.invokeTestMethods(TestInvoker.java:146)
	at org.testng.internal.TestMethodWorker.invokeTestMethods(TestMethodWorker.java:146)
	at org.testng.internal.TestMethodWorker.run(TestMethodWorker.java:128)
	at java.base/java.util.ArrayList.forEach(ArrayList.java:1511)
	at org.testng.TestRunner.privateRun(TestRunner.java:794)
	at org.testng.TestRunner.run(TestRunner.java:596)
	at org.testng.SuiteRunner.runTest(SuiteRunner.java:377)
	at org.testng.SuiteRunner.runSequentially(SuiteRunner.java:371)
	at org.testng.SuiteRunner.privateRun(SuiteRunner.java:332)
	at org.testng.SuiteRunner.run(SuiteRunner.java:276)
	at org.testng.SuiteRunnerWorker.runSuite(SuiteRunnerWorker.java:53)
	at org.testng.SuiteRunnerWorker.run(SuiteRunnerWorker.java:96)
	at org.testng.TestNG.runSuitesSequentially(TestNG.java:1212)
	at org.testng.TestNG.runSuitesLocally(TestNG.java:1134)
	at org.testng.TestNG.runSuites(TestNG.java:1063)
	at org.testng.TestNG.run(TestNG.java:1031)
	at org.testng.remote.AbstractRemoteTestNG.run(AbstractRemoteTestNG.java:115)
	at org.testng.remote.RemoteTestNG.initAndRun(RemoteTestNG.java:251)
	at org.testng.remote.RemoteTestNG.main(RemoteTestNG.java:77)
</pre></div></td>
<td>0</td>
<td>tests.VerifyShopPageElements@4567f35d</td></tr>
<tr>
<td title='tests.VerifyShopPageElements.verifProdutPageLink()'><b>verifProdutPageLink</b><br>Test class: tests.VerifyShopPageElements</td>
<td><div><pre>java.lang.NullPointerException: Cannot invoke &quot;pom.ShopPage.clickOnproductLink()&quot; because &quot;this.shopPage&quot; is null
	at tests.VerifyShopPageElements.verifProdutPageLink(VerifyShopPageElements.java:120)
	at java.base/java.util.ArrayList.forEach(ArrayList.java:1511)
... Removed 27 stack frames</pre></div><a href='#' onClick='toggleBox("stack-trace251004688", this, "Click to show all stack frames", "Click to hide stack frames")'>Click to show all stack frames</a>
<div class='stack-trace' id='stack-trace251004688'><pre>java.lang.NullPointerException: Cannot invoke &quot;pom.ShopPage.clickOnproductLink()&quot; because &quot;this.shopPage&quot; is null
	at tests.VerifyShopPageElements.verifProdutPageLink(VerifyShopPageElements.java:120)
	at java.base/jdk.internal.reflect.NativeMethodAccessorImpl.invoke0(Native Method)
	at java.base/jdk.internal.reflect.NativeMethodAccessorImpl.invoke(NativeMethodAccessorImpl.java:64)
	at java.base/jdk.internal.reflect.DelegatingMethodAccessorImpl.invoke(DelegatingMethodAccessorImpl.java:43)
	at java.base/java.lang.reflect.Method.invoke(Method.java:564)
	at org.testng.internal.MethodInvocationHelper.invokeMethod(MethodInvocationHelper.java:133)
	at org.testng.internal.TestInvoker.invokeMethod(TestInvoker.java:598)
	at org.testng.internal.TestInvoker.invokeTestMethod(TestInvoker.java:173)
	at org.testng.internal.MethodRunner.runInSequence(MethodRunner.java:46)
	at org.testng.internal.TestInvoker$MethodInvocationAgent.invoke(TestInvoker.java:824)
	at org.testng.internal.TestInvoker.invokeTestMethods(TestInvoker.java:146)
	at org.testng.internal.TestMethodWorker.invokeTestMethods(TestMethodWorker.java:146)
	at org.testng.internal.TestMethodWorker.run(TestMethodWorker.java:128)
	at java.base/java.util.ArrayList.forEach(ArrayList.java:1511)
	at org.testng.TestRunner.privateRun(TestRunner.java:794)
	at org.testng.TestRunner.run(TestRunner.java:596)
	at org.testng.SuiteRunner.runTest(SuiteRunner.java:377)
	at org.testng.SuiteRunner.runSequentially(SuiteRunner.java:371)
	at org.testng.SuiteRunner.privateRun(SuiteRunner.java:332)
	at org.testng.SuiteRunner.run(SuiteRunner.java:276)
	at org.testng.SuiteRunnerWorker.runSuite(SuiteRunnerWorker.java:53)
	at org.testng.SuiteRunnerWorker.run(SuiteRunnerWorker.java:96)
	at org.testng.TestNG.runSuitesSequentially(TestNG.java:1212)
	at org.testng.TestNG.runSuitesLocally(TestNG.java:1134)
	at org.testng.TestNG.runSuites(TestNG.java:1063)
	at org.testng.TestNG.run(TestNG.java:1031)
	at org.testng.remote.AbstractRemoteTestNG.run(AbstractRemoteTestNG.java:115)
	at org.testng.remote.RemoteTestNG.initAndRun(RemoteTestNG.java:251)
	at org.testng.remote.RemoteTestNG.main(RemoteTestNG.java:77)
</pre></div></td>
<td>0</td>
<td>tests.VerifyShopPageElements@4567f35d</td></tr>
<tr>
<td title='tests.VerifyShopPageElements.verifyPartyFavoursLink()'><b>verifyPartyFavoursLink</b><br>Test class: tests.VerifyShopPageElements</td>
<td><div><pre>java.lang.NullPointerException: Cannot invoke &quot;pom.ShopPage.clickOnpartyFavoursLink()&quot; because &quot;this.shopPage&quot; is null
	at tests.VerifyShopPageElements.verifyPartyFavoursLink(VerifyShopPageElements.java:101)
	at java.base/java.util.ArrayList.forEach(ArrayList.java:1511)
... Removed 27 stack frames</pre></div><a href='#' onClick='toggleBox("stack-trace1058994646", this, "Click to show all stack frames", "Click to hide stack frames")'>Click to show all stack frames</a>
<div class='stack-trace' id='stack-trace1058994646'><pre>java.lang.NullPointerException: Cannot invoke &quot;pom.ShopPage.clickOnpartyFavoursLink()&quot; because &quot;this.shopPage&quot; is null
	at tests.VerifyShopPageElements.verifyPartyFavoursLink(VerifyShopPageElements.java:101)
	at java.base/jdk.internal.reflect.NativeMethodAccessorImpl.invoke0(Native Method)
	at java.base/jdk.internal.reflect.NativeMethodAccessorImpl.invoke(NativeMethodAccessorImpl.java:64)
	at java.base/jdk.internal.reflect.DelegatingMethodAccessorImpl.invoke(DelegatingMethodAccessorImpl.java:43)
	at java.base/java.lang.reflect.Method.invoke(Method.java:564)
	at org.testng.internal.MethodInvocationHelper.invokeMethod(MethodInvocationHelper.java:133)
	at org.testng.internal.TestInvoker.invokeMethod(TestInvoker.java:598)
	at org.testng.internal.TestInvoker.invokeTestMethod(TestInvoker.java:173)
	at org.testng.internal.MethodRunner.runInSequence(MethodRunner.java:46)
	at org.testng.internal.TestInvoker$MethodInvocationAgent.invoke(TestInvoker.java:824)
	at org.testng.internal.TestInvoker.invokeTestMethods(TestInvoker.java:146)
	at org.testng.internal.TestMethodWorker.invokeTestMethods(TestMethodWorker.java:146)
	at org.testng.internal.TestMethodWorker.run(TestMethodWorker.java:128)
	at java.base/java.util.ArrayList.forEach(ArrayList.java:1511)
	at org.testng.TestRunner.privateRun(TestRunner.java:794)
	at org.testng.TestRunner.run(TestRunner.java:596)
	at org.testng.SuiteRunner.runTest(SuiteRunner.java:377)
	at org.testng.SuiteRunner.runSequentially(SuiteRunner.java:371)
	at org.testng.SuiteRunner.privateRun(SuiteRunner.java:332)
	at org.testng.SuiteRunner.run(SuiteRunner.java:276)
	at org.testng.SuiteRunnerWorker.runSuite(SuiteRunnerWorker.java:53)
	at org.testng.SuiteRunnerWorker.run(SuiteRunnerWorker.java:96)
	at org.testng.TestNG.runSuitesSequentially(TestNG.java:1212)
	at org.testng.TestNG.runSuitesLocally(TestNG.java:1134)
	at org.testng.TestNG.runSuites(TestNG.java:1063)
	at org.testng.TestNG.run(TestNG.java:1031)
	at org.testng.remote.AbstractRemoteTestNG.run(AbstractRemoteTestNG.java:115)
	at org.testng.remote.RemoteTestNG.initAndRun(RemoteTestNG.java:251)
	at org.testng.remote.RemoteTestNG.main(RemoteTestNG.java:77)
</pre></div></td>
<td>0</td>
<td>tests.VerifyShopPageElements@4567f35d</td></tr>
<tr>
<td title='tests.VerifyTheFooterElement.verifyemail()'><b>verifyemail</b><br>Test class: tests.VerifyTheFooterElement</td>
<td><div><pre>java.lang.AssertionError: expected [help@and-sons.com] but found [moc.snos-dna@pleh]
	at tests.VerifyTheFooterElement.verifyemail(VerifyTheFooterElement.java:232)
	at java.base/java.util.ArrayList.forEach(ArrayList.java:1511)
... Removed 33 stack frames</pre></div><a href='#' onClick='toggleBox("stack-trace1778257620", this, "Click to show all stack frames", "Click to hide stack frames")'>Click to show all stack frames</a>
<div class='stack-trace' id='stack-trace1778257620'><pre>java.lang.AssertionError: expected [help@and-sons.com] but found [moc.snos-dna@pleh]
	at org.testng.Assert.fail(Assert.java:99)
	at org.testng.Assert.failNotEquals(Assert.java:1037)
	at org.testng.Assert.assertEqualsImpl(Assert.java:140)
	at org.testng.Assert.assertEquals(Assert.java:122)
	at org.testng.Assert.assertEquals(Assert.java:629)
	at org.testng.Assert.assertEquals(Assert.java:639)
	at tests.VerifyTheFooterElement.verifyemail(VerifyTheFooterElement.java:232)
	at java.base/jdk.internal.reflect.NativeMethodAccessorImpl.invoke0(Native Method)
	at java.base/jdk.internal.reflect.NativeMethodAccessorImpl.invoke(NativeMethodAccessorImpl.java:64)
	at java.base/jdk.internal.reflect.DelegatingMethodAccessorImpl.invoke(DelegatingMethodAccessorImpl.java:43)
	at java.base/java.lang.reflect.Method.invoke(Method.java:564)
	at org.testng.internal.MethodInvocationHelper.invokeMethod(MethodInvocationHelper.java:133)
	at org.testng.internal.TestInvoker.invokeMethod(TestInvoker.java:598)
	at org.testng.internal.TestInvoker.invokeTestMethod(TestInvoker.java:173)
	at org.testng.internal.MethodRunner.runInSequence(MethodRunner.java:46)
	at org.testng.internal.TestInvoker$MethodInvocationAgent.invoke(TestInvoker.java:824)
	at org.testng.internal.TestInvoker.invokeTestMethods(TestInvoker.java:146)
	at org.testng.internal.TestMethodWorker.invokeTestMethods(TestMethodWorker.java:146)
	at org.testng.internal.TestMethodWorker.run(TestMethodWorker.java:128)
	at java.base/java.util.ArrayList.forEach(ArrayList.java:1511)
	at org.testng.TestRunner.privateRun(TestRunner.java:794)
	at org.testng.TestRunner.run(TestRunner.java:596)
	at org.testng.SuiteRunner.runTest(SuiteRunner.java:377)
	at org.testng.SuiteRunner.runSequentially(SuiteRunner.java:371)
	at org.testng.SuiteRunner.privateRun(SuiteRunner.java:332)
	at org.testng.SuiteRunner.run(SuiteRunner.java:276)
	at org.testng.SuiteRunnerWorker.runSuite(SuiteRunnerWorker.java:53)
	at org.testng.SuiteRunnerWorker.run(SuiteRunnerWorker.java:96)
	at org.testng.TestNG.runSuitesSequentially(TestNG.java:1212)
	at org.testng.TestNG.runSuitesLocally(TestNG.java:1134)
	at org.testng.TestNG.runSuites(TestNG.java:1063)
	at org.testng.TestNG.run(TestNG.java:1031)
	at org.testng.remote.AbstractRemoteTestNG.run(AbstractRemoteTestNG.java:115)
	at org.testng.remote.RemoteTestNG.initAndRun(RemoteTestNG.java:251)
	at org.testng.remote.RemoteTestNG.main(RemoteTestNG.java:77)
</pre></div></td>
<td>0</td>
<td>tests.VerifyTheFooterElement@2e005c4b</td></tr>
<tr>
<td title='tests.VerifyTheFooterElement.verifyMobileNumber()'><b>verifyMobileNumber</b><br>Test class: tests.VerifyTheFooterElement</td>
<td><div><pre>java.lang.AssertionError: expected [1-310-276-2776] but found [6772-672-013-1]
	at tests.VerifyTheFooterElement.verifyMobileNumber(VerifyTheFooterElement.java:223)
	at java.base/java.util.ArrayList.forEach(ArrayList.java:1511)
... Removed 33 stack frames</pre></div><a href='#' onClick='toggleBox("stack-trace1457157255", this, "Click to show all stack frames", "Click to hide stack frames")'>Click to show all stack frames</a>
<div class='stack-trace' id='stack-trace1457157255'><pre>java.lang.AssertionError: expected [1-310-276-2776] but found [6772-672-013-1]
	at org.testng.Assert.fail(Assert.java:99)
	at org.testng.Assert.failNotEquals(Assert.java:1037)
	at org.testng.Assert.assertEqualsImpl(Assert.java:140)
	at org.testng.Assert.assertEquals(Assert.java:122)
	at org.testng.Assert.assertEquals(Assert.java:629)
	at org.testng.Assert.assertEquals(Assert.java:639)
	at tests.VerifyTheFooterElement.verifyMobileNumber(VerifyTheFooterElement.java:223)
	at java.base/jdk.internal.reflect.NativeMethodAccessorImpl.invoke0(Native Method)
	at java.base/jdk.internal.reflect.NativeMethodAccessorImpl.invoke(NativeMethodAccessorImpl.java:64)
	at java.base/jdk.internal.reflect.DelegatingMethodAccessorImpl.invoke(DelegatingMethodAccessorImpl.java:43)
	at java.base/java.lang.reflect.Method.invoke(Method.java:564)
	at org.testng.internal.MethodInvocationHelper.invokeMethod(MethodInvocationHelper.java:133)
	at org.testng.internal.TestInvoker.invokeMethod(TestInvoker.java:598)
	at org.testng.internal.TestInvoker.invokeTestMethod(TestInvoker.java:173)
	at org.testng.internal.MethodRunner.runInSequence(MethodRunner.java:46)
	at org.testng.internal.TestInvoker$MethodInvocationAgent.invoke(TestInvoker.java:824)
	at org.testng.internal.TestInvoker.invokeTestMethods(TestInvoker.java:146)
	at org.testng.internal.TestMethodWorker.invokeTestMethods(TestMethodWorker.java:146)
	at org.testng.internal.TestMethodWorker.run(TestMethodWorker.java:128)
	at java.base/java.util.ArrayList.forEach(ArrayList.java:1511)
	at org.testng.TestRunner.privateRun(TestRunner.java:794)
	at org.testng.TestRunner.run(TestRunner.java:596)
	at org.testng.SuiteRunner.runTest(SuiteRunner.java:377)
	at org.testng.SuiteRunner.runSequentially(SuiteRunner.java:371)
	at org.testng.SuiteRunner.privateRun(SuiteRunner.java:332)
	at org.testng.SuiteRunner.run(SuiteRunner.java:276)
	at org.testng.SuiteRunnerWorker.runSuite(SuiteRunnerWorker.java:53)
	at org.testng.SuiteRunnerWorker.run(SuiteRunnerWorker.java:96)
	at org.testng.TestNG.runSuitesSequentially(TestNG.java:1212)
	at org.testng.TestNG.runSuitesLocally(TestNG.java:1134)
	at org.testng.TestNG.runSuites(TestNG.java:1063)
	at org.testng.TestNG.run(TestNG.java:1031)
	at org.testng.remote.AbstractRemoteTestNG.run(AbstractRemoteTestNG.java:115)
	at org.testng.remote.RemoteTestNG.initAndRun(RemoteTestNG.java:251)
	at org.testng.remote.RemoteTestNG.main(RemoteTestNG.java:77)
</pre></div></td>
<td>0</td>
<td>tests.VerifyTheFooterElement@2e005c4b</td></tr>
<tr>
<td title='tests.VerifyShopPageElements.verifyGiftCollectionsLink()'><b>verifyGiftCollectionsLink</b><br>Test class: tests.VerifyShopPageElements</td>
<td><div><pre>java.lang.NullPointerException: Cannot invoke &quot;pom.ShopPage.clickOngiftCollectionsLink()&quot; because &quot;this.shopPage&quot; is null
	at tests.VerifyShopPageElements.verifyGiftCollectionsLink(VerifyShopPageElements.java:92)
	at java.base/java.util.ArrayList.forEach(ArrayList.java:1511)
... Removed 27 stack frames</pre></div><a href='#' onClick='toggleBox("stack-trace646410842", this, "Click to show all stack frames", "Click to hide stack frames")'>Click to show all stack frames</a>
<div class='stack-trace' id='stack-trace646410842'><pre>java.lang.NullPointerException: Cannot invoke &quot;pom.ShopPage.clickOngiftCollectionsLink()&quot; because &quot;this.shopPage&quot; is null
	at tests.VerifyShopPageElements.verifyGiftCollectionsLink(VerifyShopPageElements.java:92)
	at java.base/jdk.internal.reflect.NativeMethodAccessorImpl.invoke0(Native Method)
	at java.base/jdk.internal.reflect.NativeMethodAccessorImpl.invoke(NativeMethodAccessorImpl.java:64)
	at java.base/jdk.internal.reflect.DelegatingMethodAccessorImpl.invoke(DelegatingMethodAccessorImpl.java:43)
	at java.base/java.lang.reflect.Method.invoke(Method.java:564)
	at org.testng.internal.MethodInvocationHelper.invokeMethod(MethodInvocationHelper.java:133)
	at org.testng.internal.TestInvoker.invokeMethod(TestInvoker.java:598)
	at org.testng.internal.TestInvoker.invokeTestMethod(TestInvoker.java:173)
	at org.testng.internal.MethodRunner.runInSequence(MethodRunner.java:46)
	at org.testng.internal.TestInvoker$MethodInvocationAgent.invoke(TestInvoker.java:824)
	at org.testng.internal.TestInvoker.invokeTestMethods(TestInvoker.java:146)
	at org.testng.internal.TestMethodWorker.invokeTestMethods(TestMethodWorker.java:146)
	at org.testng.internal.TestMethodWorker.run(TestMethodWorker.java:128)
	at java.base/java.util.ArrayList.forEach(ArrayList.java:1511)
	at org.testng.TestRunner.privateRun(TestRunner.java:794)
	at org.testng.TestRunner.run(TestRunner.java:596)
	at org.testng.SuiteRunner.runTest(SuiteRunner.java:377)
	at org.testng.SuiteRunner.runSequentially(SuiteRunner.java:371)
	at org.testng.SuiteRunner.privateRun(SuiteRunner.java:332)
	at org.testng.SuiteRunner.run(SuiteRunner.java:276)
	at org.testng.SuiteRunnerWorker.runSuite(SuiteRunnerWorker.java:53)
	at org.testng.SuiteRunnerWorker.run(SuiteRunnerWorker.java:96)
	at org.testng.TestNG.runSuitesSequentially(TestNG.java:1212)
	at org.testng.TestNG.runSuitesLocally(TestNG.java:1134)
	at org.testng.TestNG.runSuites(TestNG.java:1063)
	at org.testng.TestNG.run(TestNG.java:1031)
	at org.testng.remote.AbstractRemoteTestNG.run(AbstractRemoteTestNG.java:115)
	at org.testng.remote.RemoteTestNG.initAndRun(RemoteTestNG.java:251)
	at org.testng.remote.RemoteTestNG.main(RemoteTestNG.java:77)
</pre></div></td>
<td>0</td>
<td>tests.VerifyShopPageElements@4567f35d</td></tr>
</table><p>
<table width='100%' border='1' class='invocation-passed'>
<tr><td colspan='4' align='center'><b>PASSED TESTS</b></td></tr>
<tr><td><b>Test method</b></td>
<td width="30%"><b>Exception</b></td>
<td width="10%"><b>Time (seconds)</b></td>
<td><b>Instance</b></td>
</tr>
<tr>
<td title='tests.VerifyHeaderElements.verifyVisitPageLink()'><b>verifyVisitPageLink</b><br>Test class: tests.VerifyHeaderElements</td>
<td></td>
<td>0</td>
<td>tests.VerifyHeaderElements@694abbdc</td></tr>
<tr>
<td title='tests.VerifyTheFooterElement.verifyCorportePageLink()'><b>verifyCorportePageLink</b><br>Test class: tests.VerifyTheFooterElement</td>
<td></td>
<td>0</td>
<td>tests.VerifyTheFooterElement@2e005c4b</td></tr>
<tr>
<td title='tests.VerifyHeaderElements.verifyAboutPageLink()'><b>verifyAboutPageLink</b><br>Test class: tests.VerifyHeaderElements</td>
<td></td>
<td>5</td>
<td>tests.VerifyHeaderElements@694abbdc</td></tr>
<tr>
<td title='tests.VerifyHeaderElements.verifyTheShopMenuLink()'><b>verifyTheShopMenuLink</b><br>Test class: tests.VerifyHeaderElements</td>
<td></td>
<td>0</td>
<td>tests.VerifyHeaderElements@694abbdc</td></tr>
<tr>
<td title='tests.VerifyTheFooterElement.verifyChocolateBoxesLink()'><b>verifyChocolateBoxesLink</b><br>Test class: tests.VerifyTheFooterElement</td>
<td></td>
<td>0</td>
<td>tests.VerifyTheFooterElement@2e005c4b</td></tr>
<tr>
<td title='tests.VerifyTheFooterElement.verifyBlogPageLink()'><b>verifyBlogPageLink</b><br>Test class: tests.VerifyTheFooterElement</td>
<td></td>
<td>0</td>
<td>tests.VerifyTheFooterElement@2e005c4b</td></tr>
<tr>
<td title='tests.VerifyTheFooterElement.veriPrivacyPolicyPageLink()'><b>veriPrivacyPolicyPageLink</b><br>Test class: tests.VerifyTheFooterElement</td>
<td></td>
<td>0</td>
<td>tests.VerifyTheFooterElement@2e005c4b</td></tr>
<tr>
<td title='tests.VerifyHeaderElements.verifyShopMenuText()'><b>verifyShopMenuText</b><br>Test class: tests.VerifyHeaderElements</td>
<td></td>
<td>0</td>
<td>tests.VerifyHeaderElements@694abbdc</td></tr>
<tr>
<td title='tests.VerifyTheFooterElement.verifyFaqPageLink()'><b>verifyFaqPageLink</b><br>Test class: tests.VerifyTheFooterElement</td>
<td></td>
<td>0</td>
<td>tests.VerifyTheFooterElement@2e005c4b</td></tr>
<tr>
<td title='tests.VerifyHeaderElements.verifyAboutMenuText()'><b>verifyAboutMenuText</b><br>Test class: tests.VerifyHeaderElements</td>
<td></td>
<td>0</td>
<td>tests.VerifyHeaderElements@694abbdc</td></tr>
<tr>
<td title='tests.VerifyHeaderElements.verifyOurChocolateMenuText()'><b>verifyOurChocolateMenuText</b><br>Test class: tests.VerifyHeaderElements</td>
<td></td>
<td>0</td>
<td>tests.VerifyHeaderElements@694abbdc</td></tr>
<tr>
<td title='tests.VerifyTheFooterElement.verifShippingAndReturnPageLink()'><b>verifShippingAndReturnPageLink</b><br>Test class: tests.VerifyTheFooterElement</td>
<td></td>
<td>0</td>
<td>tests.VerifyTheFooterElement@2e005c4b</td></tr>
<tr>
<td title='tests.VerifyTheFooterElement.verifyGiftCollectionsLink()'><b>verifyGiftCollectionsLink</b><br>Test class: tests.VerifyTheFooterElement</td>
<td></td>
<td>0</td>
<td>tests.VerifyTheFooterElement@2e005c4b</td></tr>
<tr>
<td title='tests.VerifyShopPageElements.verifyChocolateBoxesTabLink()'><b>verifyChocolateBoxesTabLink</b><br>Test class: tests.VerifyShopPageElements</td>
<td></td>
<td>0</td>
<td>tests.VerifyShopPageElements@4567f35d</td></tr>
<tr>
<td title='tests.VerifyHeaderElements.verifyOurChcolateLink()'><b>verifyOurChcolateLink</b><br>Test class: tests.VerifyHeaderElements</td>
<td></td>
<td>0</td>
<td>tests.VerifyHeaderElements@694abbdc</td></tr>
<tr>
<td title='tests.VerifyTheFooterElement.verifyPartyFavourLink()'><b>verifyPartyFavourLink</b><br>Test class: tests.VerifyTheFooterElement</td>
<td></td>
<td>0</td>
<td>tests.VerifyTheFooterElement@2e005c4b</td></tr>
<tr>
<td title='tests.VerifyHeaderElements.verifyVisitText()'><b>verifyVisitText</b><br>Test class: tests.VerifyHeaderElements</td>
<td></td>
<td>0</td>
<td>tests.VerifyHeaderElements@694abbdc</td></tr>
<tr>
<td title='tests.VerifyTheFooterElement.verifyAboutPageLink()'><b>verifyAboutPageLink</b><br>Test class: tests.VerifyTheFooterElement</td>
<td></td>
<td>0</td>
<td>tests.VerifyTheFooterElement@2e005c4b</td></tr>
<tr>
<td title='tests.VerifyTheFooterElement.veriPaymentPolicyPageLink()'><b>veriPaymentPolicyPageLink</b><br>Test class: tests.VerifyTheFooterElement</td>
<td></td>
<td>0</td>
<td>tests.VerifyTheFooterElement@2e005c4b</td></tr>
<tr>
<td title='tests.VerifyTheFooterElement.verifyOurChocolatePageLink()'><b>verifyOurChocolatePageLink</b><br>Test class: tests.VerifyTheFooterElement</td>
<td></td>
<td>0</td>
<td>tests.VerifyTheFooterElement@2e005c4b</td></tr>
<tr>
<td title='tests.VerifyTheFooterElement.verifyContactUsPageLink()'><b>verifyContactUsPageLink</b><br>Test class: tests.VerifyTheFooterElement</td>
<td></td>
<td>0</td>
<td>tests.VerifyTheFooterElement@2e005c4b</td></tr>
<tr>
<td title='tests.VerifyTheFooterElement.verifyJoinOurTeamPageLink()'><b>verifyJoinOurTeamPageLink</b><br>Test class: tests.VerifyTheFooterElement</td>
<td></td>
<td>0</td>
<td>tests.VerifyTheFooterElement@2e005c4b</td></tr>
<tr>
<td title='tests.VerifyTheFooterElement.veriTermsAndCinditionsPageLink()'><b>veriTermsAndCinditionsPageLink</b><br>Test class: tests.VerifyTheFooterElement</td>
<td></td>
<td>0</td>
<td>tests.VerifyTheFooterElement@2e005c4b</td></tr>
<tr>
<td title='tests.VerifyTheFooterElement.verifyVisitUsPageLink()'><b>verifyVisitUsPageLink</b><br>Test class: tests.VerifyTheFooterElement</td>
<td></td>
<td>0</td>
<td>tests.VerifyTheFooterElement@2e005c4b</td></tr>
<tr>
<td title='tests.VerifyTheFooterElement.verifySignInPageLink()'><b>verifySignInPageLink</b><br>Test class: tests.VerifyTheFooterElement</td>
<td></td>
<td>0</td>
<td>tests.VerifyTheFooterElement@2e005c4b</td></tr>
</table><p>
</body>
</html>