<?xml version="1.0" encoding="UTF-8"?>
<!-- Generated by org.testng.reporters.JUnitXMLReporter -->
<testsuite ignored="2" hostname="LAPTOP-S6NJ775N" failures="7" tests="32" name="FireFoxTest" time="112.602" errors="0" timestamp="2022-03-21T22:44:34 IST">
  <testcase classname="tests.VerifyHeaderElements" name="verifyTheShopMenuLink" time="0.763"/>
  <testcase classname="tests.VerifyHeaderElements" name="verifyOurChcolateLink" time="0.742"/>
  <testcase classname="tests.VerifyHeaderElements" name="verifyAboutPageLink" time="5.8"/>
  <testcase classname="tests.VerifyHeaderElements" name="verifyVisitPageLink" time="0.371"/>
  <testcase classname="tests.VerifyHeaderElements" name="verifyShopMenuText" time="0.105"/>
  <testcase classname="tests.VerifyHeaderElements" name="verifyOurChocolateMenuText" time="0.063"/>
  <testcase classname="tests.VerifyHeaderElements" name="verifyAboutMenuText" time="0.018"/>
  <testcase classname="tests.VerifyHeaderElements" name="verifyVisitText" time="0.034"/>
  <testcase classname="tests.VerifyTheFooterElement" name="verifyChocolateBoxesLink" time="0.316"/>
  <testcase classname="tests.VerifyTheFooterElement" name="verifyGiftCollectionsLink" time="0.301"/>
  <testcase classname="tests.VerifyTheFooterElement" name="verifyPartyFavourLink" time="0.471"/>
  <testcase classname="tests.VerifyTheFooterElement" name="verifyCorportePageLink" time="0.485"/>
  <testcase classname="tests.VerifyTheFooterElement" name="verifyAboutPageLink" time="0.321"/>
  <testcase classname="tests.VerifyTheFooterElement" name="verifyVisitUsPageLink" time="0.315"/>
  <testcase classname="tests.VerifyTheFooterElement" name="verifyOurChocolatePageLink" time="0.336"/>
  <testcase classname="tests.VerifyTheFooterElement" name="verifyBlogPageLink" time="0.447"/>
  <testcase classname="tests.VerifyTheFooterElement" name="verifySignInPageLink" time="0.272"/>
  <testcase classname="tests.VerifyTheFooterElement" name="verifyContactUsPageLink" time="0.307"/>
  <testcase classname="tests.VerifyTheFooterElement" name="verifyJoinOurTeamPageLink" time="0.464"/>
  <testcase classname="tests.VerifyTheFooterElement" name="verifyFaqPageLink" time="0.291"/>
  <testcase classname="tests.VerifyTheFooterElement" name="verifyMobileNumber" time="0.099">
    <failure type="java.lang.AssertionError" message="expected [1-310-276-2776] but found [6772-672-013-1]">
      <![CDATA[java.lang.AssertionError: expected [1-310-276-2776] but found [6772-672-013-1]
at tests.VerifyTheFooterElement.verifyMobileNumber(VerifyTheFooterElement.java:223)
at java.base/java.util.ArrayList.forEach(ArrayList.java:1511)
... Removed 33 stack frames]]>
    </failure>
  </testcase> <!-- verifyMobileNumber -->
  <testcase classname="tests.VerifyTheFooterElement" name="verifyemail" time="0.011">
    <failure type="java.lang.AssertionError" message="expected [help@and-sons.com] but found [moc.snos-dna@pleh]">
      <![CDATA[java.lang.AssertionError: expected [help@and-sons.com] but found [moc.snos-dna@pleh]
at tests.VerifyTheFooterElement.verifyemail(VerifyTheFooterElement.java:232)
at java.base/java.util.ArrayList.forEach(ArrayList.java:1511)
... Removed 33 stack frames]]>
    </failure>
  </testcase> <!-- verifyemail -->
  <testcase classname="tests.VerifyTheFooterElement" name="verifShippingAndReturnPageLink" time="0.451"/>
  <testcase classname="tests.VerifyTheFooterElement" name="veriTermsAndCinditionsPageLink" time="0.508"/>
  <testcase classname="tests.VerifyTheFooterElement" name="veriPrivacyPolicyPageLink" time="0.286"/>
  <testcase classname="tests.VerifyTheFooterElement" name="veriPaymentPolicyPageLink" time="0.428"/>
  <testcase classname="tests.VerifyShopPageElements" name="verifyChocolateBoxesTabLink" time="0.302"/>
  <testcase classname="tests.VerifyShopPageElements" name="verifyConfectionsTabLink" time="0.001">
    <failure type="java.lang.NullPointerException" message="Cannot invoke &amp;quot;pom.ShopPage.clickOnconfectionsLink()&amp;quot; because &amp;quot;this.shopPage&amp;quot; is null">
      <![CDATA[java.lang.NullPointerException: Cannot invoke "pom.ShopPage.clickOnconfectionsLink()" because "this.shopPage" is null
at tests.VerifyShopPageElements.verifyConfectionsTabLink(VerifyShopPageElements.java:84)
at java.base/java.util.ArrayList.forEach(ArrayList.java:1511)
... Removed 27 stack frames]]>
    </failure>
  </testcase> <!-- verifyConfectionsTabLink -->
  <testcase classname="tests.VerifyShopPageElements" name="verifyGiftCollectionsLink" time="0.001">
    <failure type="java.lang.NullPointerException" message="Cannot invoke &amp;quot;pom.ShopPage.clickOngiftCollectionsLink()&amp;quot; because &amp;quot;this.shopPage&amp;quot; is null">
      <![CDATA[java.lang.NullPointerException: Cannot invoke "pom.ShopPage.clickOngiftCollectionsLink()" because "this.shopPage" is null
at tests.VerifyShopPageElements.verifyGiftCollectionsLink(VerifyShopPageElements.java:92)
at java.base/java.util.ArrayList.forEach(ArrayList.java:1511)
... Removed 27 stack frames]]>
    </failure>
  </testcase> <!-- verifyGiftCollectionsLink -->
  <testcase classname="tests.VerifyShopPageElements" name="verifyPartyFavoursLink" time="0.0">
    <failure type="java.lang.NullPointerException" message="Cannot invoke &amp;quot;pom.ShopPage.clickOnpartyFavoursLink()&amp;quot; because &amp;quot;this.shopPage&amp;quot; is null">
      <![CDATA[java.lang.NullPointerException: Cannot invoke "pom.ShopPage.clickOnpartyFavoursLink()" because "this.shopPage" is null
at tests.VerifyShopPageElements.verifyPartyFavoursLink(VerifyShopPageElements.java:101)
at java.base/java.util.ArrayList.forEach(ArrayList.java:1511)
... Removed 27 stack frames]]>
    </failure>
  </testcase> <!-- verifyPartyFavoursLink -->
  <testcase classname="tests.VerifyShopPageElements" name="verifyCorPorateTabLink" time="0.001">
    <failure type="java.lang.NullPointerException" message="Cannot invoke &amp;quot;pom.ShopPage.clickOncorporateGiftsLink()&amp;quot; because &amp;quot;this.shopPage&amp;quot; is null">
      <![CDATA[java.lang.NullPointerException: Cannot invoke "pom.ShopPage.clickOncorporateGiftsLink()" because "this.shopPage" is null
at tests.VerifyShopPageElements.verifyCorPorateTabLink(VerifyShopPageElements.java:110)
at java.base/java.util.ArrayList.forEach(ArrayList.java:1511)
... Removed 27 stack frames]]>
    </failure>
  </testcase> <!-- verifyCorPorateTabLink -->
  <testcase classname="tests.VerifyShopPageElements" name="verifProdutPageLink" time="0.001">
    <failure type="java.lang.NullPointerException" message="Cannot invoke &amp;quot;pom.ShopPage.clickOnproductLink()&amp;quot; because &amp;quot;this.shopPage&amp;quot; is null">
      <![CDATA[java.lang.NullPointerException: Cannot invoke "pom.ShopPage.clickOnproductLink()" because "this.shopPage" is null
at tests.VerifyShopPageElements.verifProdutPageLink(VerifyShopPageElements.java:120)
at java.base/java.util.ArrayList.forEach(ArrayList.java:1511)
... Removed 27 stack frames]]>
    </failure>
  </testcase> <!-- verifProdutPageLink -->
  <testcase classname="tests.VerifyTheFooterElement" name="verifyInstagramPageLink" time="0.0">
    <ignored/>
  </testcase> <!-- verifyInstagramPageLink -->
  <testcase classname="tests.VerifyTheFooterElement" name="verifyyelpPageLink" time="0.0">
    <ignored/>
  </testcase> <!-- verifyyelpPageLink -->
</testsuite> <!-- FireFoxTest -->
